proguard/seeds.txt
com.lvzi.wifidirect.DeviceDetailFragment
com.lvzi.wifidirect.DeviceDetailFragment: DeviceDetailFragment()
com.lvzi.wifidirect.DeviceListFragment
com.lvzi.wifidirect.DeviceListFragment: DeviceListFragment()
com.lvzi.wifidirect.FileTransferService
com.lvzi.wifidirect.FileTransferService: FileTransferService(java.lang.String)
com.lvzi.wifidirect.FileTransferService: FileTransferService()
com.lvzi.wifidirect.WiFiDirectActivity
com.lvzi.wifidirect.WiFiDirectActivity: WiFiDirectActivity()
com.lvzi.wifidirect.WiFiDirectBroadcastReceiver
com.lvzi.wifidirect.help
com.lvzi.wifidirect.help: help()
...
net.youmi.android.a.k.a.m
net.youmi.android.a.k.a.m: android.widget.ProgressBar a
net.youmi.android.a.k.a.m: android.widget.TextView b
net.youmi.android.a.k.a.m: net.youmi.android.a.k.a.o c
net.youmi.android.a.k.a.m: android.widget.LinearLayout d
net.youmi.android.a.k.a.m: m(android.content.Context)
net.youmi.android.a.k.a.m: void a(java.lang.String)
net.youmi.android.a.k.a.m: net.youmi.android.a.k.a.o getStyleConfig()
net.youmi.android.a.k.a.n
net.youmi.android.a.k.a.o
net.youmi.android.a.k.a.o: net.youmi.android.a.k.a.m a
net.youmi.android.a.k.a.o: float b
net.youmi.android.a.k.a.o: int c
net.youmi.android.a.k.a.o: android.graphics.drawable.Drawable d
net.youmi.android.a.k.a.o: int e
net.youmi.android.a.k.a.o: int f
net.youmi.android.a.k.a.o: o(net.youmi.android.a.k.a.m)
net.youmi.android.a.k.a.o: net.youmi.android.a.k.a.o a(int)
net.youmi.android.a.k.a.o: net.youmi.android.a.k.a.o a(float)
net.youmi.android.a.k.a.o: net.youmi.android.a.k.a.o a(android.graphics.drawable.Drawable)
net.youmi.android.a.k.a.o: net.youmi.android.a.k.a.o b(int)
net.youmi.android.a.k.a.o: o(net.youmi.android.a.k.a.m,net.youmi.android.a.k.a.n)
net.youmi.android.b.a.a
net.youmi.android.b.a.a: char[] b
net.youmi.android.b.a.a: int[] c
net.youmi.android.b.a.a: char[] a
net.youmi.android.b.a.a: java.lang.String a(byte[],java.lang.String,int)
net.youmi.android.b.a.a: java.lang.String a(int)
net.youmi.android.b.a.a: java.lang.String a(java.lang.String)
net.youmi.android.b.a.a: int a(char)
net.youmi.android.b.a.a: char b(int)
net.youmi.android.b.a.a: void <clinit>()
net.youmi.android.b.a.b
net.youmi.android.b.a.b: java.lang.String a
net.youmi.android.b.a.b: java.lang.String b
net.youmi.android.b.a.b: java.lang.String c
net.youmi.android.b.a.b: java.lang.String d
net.youmi.android.b.a.b: java.lang.String e
net.youmi.android.b.a.b: boolean f
net.youmi.android.b.a.b: b(android.content.Context)
net.youmi.android.b.a.b: java.lang.String a(android.content.Context)
net.youmi.android.b.a.b: java.lang.String a(java.lang.String)
net.youmi.android.b.a.b: boolean f()
net.youmi.android.b.a.b: java.lang.String a()
net.youmi.android.b.a.b: java.lang.String b()
net.youmi.android.b.a.b: java.lang.String c()
net.youmi.android.b.a.b: java.lang.String d()
net.youmi.android.b.a.b: boolean e()
net.youmi.android.b.a.b: void <clinit>()
net.youmi.android.b.a.c
net.youmi.android.b.a.c: void a(java.lang.String,java.io.ByteArrayOutputStream)
net.youmi.android.b.b.a
net.youmi.android.b.b.a: java.lang.String a
net.youmi.android.b.b.a: java.lang.String b
net.youmi.android.b.b.a: java.lang.String c
net.youmi.android.b.b.a: int d
net.youmi.android.b.b.a: int e
net.youmi.android.b.b.a: java.lang.String f
net.youmi.android.b.b.a: boolean g
net.youmi.android.b.b.a: java.lang.String a(android.content.Context)
net.youmi.android.b.b.a: void a(android.content.Context,java.lang.String)
net.youmi.android.b.b.a: java.lang.String b(android.content.Context)
net.youmi.android.b.b.a: void b(android.content.Context,java.lang.String)
net.youmi.android.b.b.a: boolean c(android.content.Context)
net.youmi.android.b.b.a: java.lang.String d(android.content.Context)
net.youmi.android.b.b.a: int e(android.content.Context)
net.youmi.android.b.b.a: int f(android.content.Context)
net.youmi.android.b.b.a: void c(android.content.Context,java.lang.String)
net.youmi.android.b.b.a: java.lang.String g(android.content.Context)
net.youmi.android.b.b.a: void a(boolean)
net.youmi.android.b.b.a: boolean a()
net.youmi.android.b.b.a: void <clinit>()
net.youmi.android.b.b.b
net.youmi.android.b.b.b: boolean a(android.content.Context,java.lang.String,java.lang.String,java.lang.String,java.lang.String)
net.youmi.android.b.b.b: java.lang.String b(android.content.Context,java.lang.String,java.lang.String,java.lang.String,java.lang.String)