proguard/mapping.txt
com.lvzi.wifidirect.DeviceDetailFragment -> com.lvzi.wifidirect.DeviceDetailFragment:
    int PORT -> a
    boolean server_running -> d
    android.view.View mContentView -> e
    android.net.wifi.p2p.WifiP2pDevice device -> f
    android.net.wifi.p2p.WifiP2pInfo info -> g
    android.app.ProgressDialog progressDialog -> b
    java.lang.String client_IP -> h
    boolean flag -> c
    android.os.Handler myHandler -> i
    java.lang.Runnable rb -> j
    void onActivityCreated(android.os.Bundle) -> onActivityCreated
    android.view.View onCreateView(android.view.LayoutInflater,android.view.ViewGroup,android.os.Bundle) -> onCreateView
    void onActivityResult(int,int,android.content.Intent) -> onActivityResult
    void onConnectionInfoAvailable(android.net.wifi.p2p.WifiP2pInfo) -> onConnectionInfoAvailable
    void showDetails(android.net.wifi.p2p.WifiP2pDevice) -> a
    void resetViews() -> a
    boolean copyFile(java.io.InputStream,java.io.OutputStream) -> a
    void access$0(java.lang.String) -> a
    java.lang.String access$1() -> b
    android.os.Handler access$2() -> c
    void access$3$1385ff() -> d
    boolean access$4() -> e
    android.view.View access$5() -> f
    android.net.wifi.p2p.WifiP2pDevice access$6(com.lvzi.wifidirect.DeviceDetailFragment) -> a
com.lvzi.wifidirect.DeviceDetailFragment$1 -> com.lvzi.wifidirect.a:
    void dispatchMessage(android.os.Message) -> dispatchMessage
com.lvzi.wifidirect.DeviceDetailFragment$2 -> com.lvzi.wifidirect.b:
    com.lvzi.wifidirect.DeviceDetailFragment this$0 -> a
    void run() -> run
com.lvzi.wifidirect.DeviceDetailFragment$3 -> com.lvzi.wifidirect.c:
    com.lvzi.wifidirect.DeviceDetailFragment this$0 -> a
    void onClick(android.view.View) -> onClick
com.lvzi.wifidirect.DeviceDetailFragment$4 -> com.lvzi.wifidirect.d:
    com.lvzi.wifidirect.DeviceDetailFragment this$0 -> a
    void onClick(android.view.View) -> onClick
com.lvzi.wifidirect.DeviceDetailFragment$5 -> com.lvzi.wifidirect.e:
    com.lvzi.wifidirect.DeviceDetailFragment this$0 -> a
    void onClick(android.view.View) -> onClick
com.lvzi.wifidirect.DeviceDetailFragment$ServerAsyncTask -> com.lvzi.wifidirect.f:
    android.content.Context context -> b
    android.widget.TextView statusText -> c
    android.widget.ProgressBar progressBar -> a
    java.lang.String doInBackground$606be067() -> a
    void onPreExecute() -> onPreExecute
    void onPostExecute(java.lang.Object) -> onPostExecute
    java.lang.Object doInBackground(java.lang.Object[]) -> doInBackground
    void onProgressUpdate(java.lang.Object[]) -> onProgressUpdate
com.lvzi.wifidirect.DeviceListFragment -> com.lvzi.wifidirect.DeviceListFragment:
    java.util.List peers -> c
    android.app.ProgressDialog progressDialog -> a
    android.view.View mContentView -> b
    android.net.wifi.p2p.WifiP2pDevice device -> d
    void onActivityCreated(android.os.Bundle) -> onActivityCreated
    android.view.View onCreateView(android.view.LayoutInflater,android.view.ViewGroup,android.os.Bundle) -> onCreateView
    java.lang.String getDeviceStatus(int) -> b
    void onListItemClick(android.widget.ListView,android.view.View,int,long) -> onListItemClick
    void updateThisDevice(android.net.wifi.p2p.WifiP2pDevice) -> a
    void onPeersAvailable(android.net.wifi.p2p.WifiP2pDeviceList) -> onPeersAvailable
    void clearPeers() -> a
    void onInitiateDiscovery() -> b
    java.lang.String access$0(int) -> a
com.lvzi.wifidirect.DeviceListFragment$1 -> com.lvzi.wifidirect.g:
    com.lvzi.wifidirect.DeviceListFragment this$0 -> a
    void onCancel(android.content.DialogInterface) -> onCancel
com.lvzi.wifidirect.DeviceListFragment$DeviceActionListener -> com.lvzi.wifidirect.h:
    void showDetails(android.net.wifi.p2p.WifiP2pDevice) -> a
    void connect(android.net.wifi.p2p.WifiP2pConfig) -> a
    void disconnect() -> a
...
net.youmi.android.e.b.a -> net.youmi.android.e.b.a:
net.youmi.android.e.b.a.a -> net.youmi.android.e.b.a.a:
    boolean b(java.lang.String) -> b
    void b(net.youmi.android.e.b.b) -> b
    void j(net.youmi.android.e.b.b) -> j
    void a(net.youmi.android.e.b.b,java.io.File) -> a
    void f(net.youmi.android.e.b.b,java.io.File) -> f
    void c(net.youmi.android.e.b.b) -> c
    void k(net.youmi.android.e.b.b) -> k
    void b(net.youmi.android.e.b.b,java.io.File) -> b
    void g(net.youmi.android.e.b.b,java.io.File) -> g
    void a(net.youmi.android.e.b.c,net.youmi.android.e.b.b,java.io.File) -> a
    void a(net.youmi.android.e.b.c,net.youmi.android.e.b.b) -> a
    void a(net.youmi.android.e.b.c,net.youmi.android.e.b.b,long,long,int,long) -> a
    void b(net.youmi.android.e.b.c,net.youmi.android.e.b.b) -> b
    void b(net.youmi.android.e.b.c,net.youmi.android.e.b.b,java.io.File) -> b
    void a(java.lang.Object,net.youmi.android.e.b.b,long,long,int,long) -> a
    void a(java.lang.Object,net.youmi.android.e.b.b,java.io.File) -> a
    void a(java.lang.Object,net.youmi.android.e.b.b) -> a
    void b(java.lang.Object,net.youmi.android.e.b.b,java.io.File) -> b
    void b(java.lang.Object,net.youmi.android.e.b.b) -> b
net.youmi.android.e.b.a.b -> net.youmi.android.e.b.a.b:
    android.content.Context a -> a
    net.youmi.android.c.e.a b -> b
    java.util.HashMap c -> c
    java.util.HashSet d -> d
    android.graphics.Bitmap a(java.lang.String) -> a
    android.graphics.Bitmap a(net.youmi.android.e.b.b) -> a
    android.graphics.Bitmap a(java.io.File) -> a
    boolean a(net.youmi.android.e.b.b,android.graphics.Bitmap) -> a
    void i(net.youmi.android.e.b.b) -> i
    void a(net.youmi.android.e.b.b,long,long,int,long) -> a
    void h(net.youmi.android.e.b.b) -> h
    void d(net.youmi.android.e.b.b,java.io.File) -> d
    void e(net.youmi.android.e.b.b,java.io.File) -> e
    boolean c(net.youmi.android.e.b.b,java.io.File) -> c
    boolean g(net.youmi.android.e.b.b) -> g
net.youmi.android.e.b.a.c -> net.youmi.android.e.b.a.c:
    java.util.HashSet a -> a
    java.util.HashMap b -> b
    java.util.HashMap d -> d
    java.util.HashSet e -> e
    android.content.Context c -> c
    android.content.Context c() -> c
    boolean a(java.lang.String) -> a
    boolean a(java.lang.String,java.lang.String) -> a
    java.io.File a(net.youmi.android.e.b.b,java.lang.String) -> a
    net.youmi.android.c.e.a a(net.youmi.android.e.b.b) -> a
    net.youmi.android.e.b.d a() -> a
    boolean b(java.lang.String) -> b
    boolean c(java.lang.String) -> c
    void j(net.youmi.android.e.b.b) -> j
    void b(java.lang.Object,net.youmi.android.e.b.b) -> b
    void h(net.youmi.android.e.b.b) -> h
    void f(net.youmi.android.e.b.b,java.io.File) -> f
    void d(net.youmi.android.e.b.b,java.io.File) -> d
    void b(java.lang.Object,net.youmi.android.e.b.b,java.io.File) -> b
    void k(net.youmi.android.e.b.b) -> k
    void a(java.lang.Object,net.youmi.android.e.b.b) -> a
    void i(net.youmi.android.e.b.b) -> i
    void g(net.youmi.android.e.b.b,java.io.File) -> g
    void a(java.lang.Object,net.youmi.android.e.b.b,java.io.File) -> a
    void e(net.youmi.android.e.b.b,java.io.File) -> e
    void a(java.lang.Object,net.youmi.android.e.b.b,long,long,int,long) -> a
    void a(net.youmi.android.e.b.b,long,long,int,long) -> a
    void a(net.youmi.android.e.b.a.g,net.youmi.android.e.b.b,java.lang.String,java.lang.String,java.lang.String) -> a